2021-05-15 10:19:41 [main] hu.mavenprojekt.Components.Model.Board.fromString()
ERROR: The map lenght must be equals to 25. Got: 24
2021-05-15 10:20:46 [main] hu.mavenprojekt.Components.Model.Board.fromString()
ERROR: The map lenght must be equals to 25. Got: 24
2021-05-15 10:26:09 [JavaFX Application Thread] hu.mavenprojekt.Components.Model.Board.fromString()
ERROR: The map lenght must be equals to 100. Got: 196
2021-05-15 10:26:49 [main] hu.mavenprojekt.Components.Model.Board.fromString()
ERROR: The map lenght must be equals to 25. Got: 24
2021-05-15 10:28:16 [main] hu.mavenprojekt.Components.Model.Board.fromString()
ERROR: The map lenght must be equals to 25. Got: 24
2021-05-15 10:43:29 [main] hu.mavenprojekt.Components.Model.Board.fromString()
ERROR: The map lenght must be equals to 25. Got: 24
2021-05-15 10:46:54 [main] hu.mavenprojekt.Components.Model.Player.<init>()
ERROR: "x" and "y" must be greater or equals to 0. Got x: -11, y: -11
2021-05-15 10:53:24 [main] hu.mavenprojekt.Components.Model.Board.fromString()
ERROR: The map lenght must be equals to 25. Got: 24
2021-05-15 11:08:37 [main] hu.mavenprojekt.Components.Model.Player.<init>()
ERROR: "x" and "y" must be greater or equals to 0. Got x: -10, y: -10
2021-05-15 12:12:16 [main] hu.mavenprojekt.Components.Model.Board.fromString()
ERROR: The map lenght must be equals to 25. Got: 24
2021-05-15 21:28:23 [JavaFX Application Thread] hu.mavenprojekt.Components.Model.Board.fromString()
ERROR: The map lenght must be equals to 100. Got: 196
2021-05-15 21:36:28 [main] hu.mavenprojekt.Components.Model.Board.fromString()
ERROR: The map lenght must be equals to 25. Got: 24
2021-05-15 21:40:03 [main] hu.mavenprojekt.Components.Model.Board.fromString()
ERROR: The map lenght must be equals to 100. Got: 25
2021-05-15 21:40:54 [main] hu.mavenprojekt.Components.Model.Board.fromString()
ERROR: The map lenght must be equals to 100. Got: 25
2021-05-15 21:55:27 [main] hu.mavenprojekt.Components.Model.Board.fromString()
ERROR: The map lenght must be equals to 100. Got: 25
2021-05-15 22:00:21 [main] hu.mavenprojekt.Components.Model.Board.fromString()
ERROR: The map lenght must be equals to 25. Got: 24
2021-05-15 22:15:46 [main] hu.mavenprojekt.Components.Model.Board.fromString()
ERROR: The map lenght must be equals to 25. Got: 24
2021-05-15 22:20:25 [JavaFX Application Thread] hu.mavenprojekt.Components.Model.Board.fromString()
ERROR: The map lenght must be equals to 100. Got: 196
2021-05-15 22:37:00 [main] hu.mavenprojekt.Components.Model.Board.fromString()
ERROR: The map lenght must be equals to 25. Got: 24
2021-05-15 22:37:25 [main] hu.mavenprojekt.Components.Model.Board.fromString()
ERROR: The map lenght must be equals to 25. Got: 24
2021-05-17 16:10:43 [main] hu.mavenprojekt.Components.Model.Board.fromString()
ERROR: The map lenght must be equals to 25. Got: 24
2021-05-17 16:18:46 [main] hu.mavenprojekt.Components.Model.Board.fromString()
ERROR: The map lenght must be equals to 25. Got: 24
2021-05-17 17:40:50 [main] hu.mavenprojekt.Components.Model.Board.fromString()
ERROR: The map lenght must be equals to 25. Got: 24
2021-05-17 17:49:34 [main] hu.mavenprojekt.Components.Model.Board.fromString()
ERROR: The map lenght must be equals to 25. Got: 24
2021-05-17 18:52:26 [main] hu.mavenprojekt.Components.Model.Board.fromString()
ERROR: The map lenght must be equals to 25. Got: 24
